<?xml version="1.0" encoding="UTF-8"?>
<coverage generated="1633712766552" clover="3.2.0">
  <project timestamp="1633712766552" name="All files">
    <metrics statements="117" coveredstatements="103" conditionals="61" coveredconditionals="47" methods="28" coveredmethods="25" elements="206" coveredelements="175" complexity="0" loc="117" ncloc="117" packages="3" files="9" classes="9"/>
    <package name="frontend-project-lvl2">
      <metrics statements="10" coveredstatements="8" conditionals="3" coveredconditionals="1" methods="3" coveredmethods="2"/>
      <file name="index.js" path="/home/fmc19/Desktop/HEX/Hexlet Projects/frontend-project-lvl2/index.js">
        <metrics statements="10" coveredstatements="8" conditionals="3" coveredconditionals="1" methods="3" coveredmethods="2"/>
        <line num="7" count="1" type="stmt"/>
        <line num="8" count="6" type="stmt"/>
        <line num="10" count="6" type="stmt"/>
        <line num="12" count="0" type="cond" truecount="0" falsecount="2"/>
        <line num="13" count="0" type="stmt"/>
        <line num="19" count="1" type="cond" truecount="1" falsecount="0"/>
        <line num="20" count="3" type="stmt"/>
        <line num="21" count="3" type="stmt"/>
        <line num="22" count="3" type="stmt"/>
        <line num="23" count="3" type="stmt"/>
      </file>
    </package>
    <package name="frontend-project-lvl2.src.formatters">
      <metrics statements="65" coveredstatements="63" conditionals="26" coveredconditionals="24" methods="18" coveredmethods="18"/>
      <file name="index.js" path="/home/fmc19/Desktop/HEX/Hexlet Projects/frontend-project-lvl2/src/formatters/index.js">
        <metrics statements="6" coveredstatements="5" conditionals="4" coveredconditionals="3" methods="1" coveredmethods="1"/>
        <line num="5" count="1" type="stmt"/>
        <line num="6" count="3" type="cond" truecount="3" falsecount="1"/>
        <line num="8" count="1" type="stmt"/>
        <line num="10" count="1" type="stmt"/>
        <line num="12" count="1" type="stmt"/>
        <line num="14" count="0" type="stmt"/>
      </file>
      <file name="json.js" path="/home/fmc19/Desktop/HEX/Hexlet Projects/frontend-project-lvl2/src/formatters/json.js">
        <metrics statements="1" coveredstatements="1" conditionals="0" coveredconditionals="0" methods="1" coveredmethods="1"/>
        <line num="1" count="1" type="stmt"/>
      </file>
      <file name="plain.js" path="/home/fmc19/Desktop/HEX/Hexlet Projects/frontend-project-lvl2/src/formatters/plain.js">
        <metrics statements="29" coveredstatements="29" conditionals="13" coveredconditionals="13" methods="9" coveredmethods="9"/>
        <line num="5" count="1" type="stmt"/>
        <line num="6" count="13" type="cond" truecount="4" falsecount="0"/>
        <line num="7" count="10" type="cond" truecount="2" falsecount="0"/>
        <line num="8" count="3" type="stmt"/>
        <line num="11" count="4" type="stmt"/>
        <line num="13" count="1" type="stmt"/>
        <line num="14" count="4" type="stmt"/>
        <line num="15" count="4" type="stmt"/>
        <line num="17" count="4" type="stmt"/>
        <line num="18" count="4" type="stmt"/>
        <line num="19" count="4" type="stmt"/>
        <line num="22" count="1" type="stmt"/>
        <line num="23" count="23" type="stmt"/>
        <line num="27" count="11" type="stmt"/>
        <line num="29" count="11" type="cond" truecount="2" falsecount="0"/>
        <line num="30" count="4" type="stmt"/>
        <line num="32" count="7" type="cond" truecount="2" falsecount="0"/>
        <line num="33" count="2" type="stmt"/>
        <line num="36" count="5" type="stmt"/>
        <line num="39" count="1" type="stmt"/>
        <line num="40" count="1" type="cond" truecount="1" falsecount="0"/>
        <line num="41" count="18" type="stmt"/>
        <line num="44" count="15" type="stmt"/>
        <line num="46" count="15" type="stmt"/>
        <line num="47" count="15" type="cond" truecount="2" falsecount="0"/>
        <line num="48" count="11" type="stmt"/>
        <line num="51" count="4" type="stmt"/>
        <line num="54" count="5" type="stmt"/>
        <line num="57" count="1" type="stmt"/>
      </file>
      <file name="stylish.js" path="/home/fmc19/Desktop/HEX/Hexlet Projects/frontend-project-lvl2/src/formatters/stylish.js">
        <metrics statements="29" coveredstatements="28" conditionals="9" coveredconditionals="8" methods="7" coveredmethods="7"/>
        <line num="5" count="42" type="stmt"/>
        <line num="6" count="1" type="stmt"/>
        <line num="7" count="27" type="cond" truecount="1" falsecount="1"/>
        <line num="8" count="0" type="stmt"/>
        <line num="10" count="27" type="cond" truecount="2" falsecount="0"/>
        <line num="12" count="7" type="stmt"/>
        <line num="13" count="7" type="stmt"/>
        <line num="14" count="9" type="stmt"/>
        <line num="15" count="9" type="stmt"/>
        <line num="17" count="9" type="stmt"/>
        <line num="19" count="7" type="stmt"/>
        <line num="22" count="1" type="stmt"/>
        <line num="25" count="14" type="stmt"/>
        <line num="27" count="14" type="cond" truecount="2" falsecount="0"/>
        <line num="28" count="4" type="stmt"/>
        <line num="29" count="4" type="stmt"/>
        <line num="31" count="4" type="stmt"/>
        <line num="32" count="4" type="stmt"/>
        <line num="35" count="10" type="stmt"/>
        <line num="38" count="1" type="stmt"/>
        <line num="39" count="1" type="cond" truecount="1" falsecount="0"/>
        <line num="40" count="5" type="stmt"/>
        <line num="43" count="18" type="stmt"/>
        <line num="45" count="18" type="cond" truecount="2" falsecount="0"/>
        <line num="46" count="14" type="stmt"/>
        <line num="49" count="4" type="stmt"/>
        <line num="52" count="5" type="stmt"/>
        <line num="54" count="1" type="stmt"/>
        <line num="55" count="1" type="stmt"/>
      </file>
    </package>
    <package name="frontend-project-lvl2.src.services">
      <metrics statements="42" coveredstatements="32" conditionals="32" coveredconditionals="22" methods="7" coveredmethods="5"/>
      <file name="getDiffs.js" path="/home/fmc19/Desktop/HEX/Hexlet Projects/frontend-project-lvl2/src/services/getDiffs.js">
        <metrics statements="16" coveredstatements="16" conditionals="14" coveredconditionals="12" methods="2" coveredmethods="2"/>
        <line num="3" count="1" type="stmt"/>
        <line num="4" count="15" type="cond" truecount="1" falsecount="1"/>
        <line num="5" count="15" type="cond" truecount="1" falsecount="1"/>
        <line num="6" count="15" type="stmt"/>
        <line num="7" count="15" type="stmt"/>
        <line num="8" count="54" type="cond" truecount="2" falsecount="0"/>
        <line num="9" count="15" type="stmt"/>
        <line num="15" count="39" type="cond" truecount="2" falsecount="0"/>
        <line num="16" count="6" type="stmt"/>
        <line num="23" count="33" type="cond" truecount="4" falsecount="0"/>
        <line num="24" count="12" type="stmt"/>
        <line num="31" count="21" type="cond" truecount="2" falsecount="0"/>
        <line num="32" count="12" type="stmt"/>
        <line num="40" count="9" type="stmt"/>
        <line num="48" count="15" type="stmt"/>
        <line num="50" count="15" type="stmt"/>
      </file>
      <file name="markers.js" path="/home/fmc19/Desktop/HEX/Hexlet Projects/frontend-project-lvl2/src/services/markers.js">
        <metrics statements="12" coveredstatements="11" conditionals="8" coveredconditionals="7" methods="2" coveredmethods="2"/>
        <line num="1" count="1" type="stmt"/>
        <line num="2" count="22" type="cond" truecount="4" falsecount="0"/>
        <line num="4" count="3" type="stmt"/>
        <line num="6" count="9" type="stmt"/>
        <line num="8" count="6" type="stmt"/>
        <line num="10" count="4" type="stmt"/>
        <line num="15" count="1" type="stmt"/>
        <line num="16" count="11" type="cond" truecount="3" falsecount="1"/>
        <line num="18" count="2" type="stmt"/>
        <line num="20" count="5" type="stmt"/>
        <line num="22" count="4" type="stmt"/>
        <line num="24" count="0" type="stmt"/>
      </file>
      <file name="parseToObject.js" path="/home/fmc19/Desktop/HEX/Hexlet Projects/frontend-project-lvl2/src/services/parseToObject.js">
        <metrics statements="5" coveredstatements="4" conditionals="4" coveredconditionals="3" methods="1" coveredmethods="1"/>
        <line num="3" count="1" type="stmt"/>
        <line num="4" count="6" type="cond" truecount="3" falsecount="1"/>
        <line num="6" count="3" type="stmt"/>
        <line num="9" count="3" type="stmt"/>
        <line num="11" count="0" type="stmt"/>
      </file>
      <file name="stringifyArray.js" path="/home/fmc19/Desktop/HEX/Hexlet Projects/frontend-project-lvl2/src/services/stringifyArray.js">
        <metrics statements="9" coveredstatements="1" conditionals="6" coveredconditionals="0" methods="2" coveredmethods="0"/>
        <line num="1" count="1" type="stmt"/>
        <line num="2" count="0" type="stmt"/>
        <line num="5" count="0" type="stmt"/>
        <line num="7" count="0" type="cond" truecount="0" falsecount="2"/>
        <line num="8" count="0" type="stmt"/>
        <line num="10" count="0" type="cond" truecount="0" falsecount="4"/>
        <line num="11" count="0" type="stmt"/>
        <line num="14" count="0" type="stmt"/>
        <line num="17" count="0" type="stmt"/>
      </file>
    </package>
  </project>
</coverage>
