{"/home/fmc19/Desktop/HEX/Hexlet Projects/frontend-project-lvl2/src/index.js": {"path":"/home/fmc19/Desktop/HEX/Hexlet Projects/frontend-project-lvl2/src/index.js","statementMap":{"0":{"start":{"line":6,"column":16},"end":{"line":19,"column":1}},"1":{"start":{"line":7,"column":19},"end":{"line":7,"column":43}},"2":{"start":{"line":8,"column":20},"end":{"line":8,"column":45}},"3":{"start":{"line":10,"column":24},"end":{"line":10,"column":64}},"4":{"start":{"line":11,"column":31},"end":{"line":11,"column":61}},"5":{"start":{"line":18,"column":2},"end":{"line":18,"column":30}}},"fnMap":{"0":{"name":"(anonymous_0)","decl":{"start":{"line":6,"column":16},"end":{"line":6,"column":17}},"loc":{"start":{"line":6,"column":53},"end":{"line":19,"column":1}},"line":6}},"branchMap":{"0":{"loc":{"start":{"line":6,"column":17},"end":{"line":6,"column":31}},"type":"default-arg","locations":[{"start":{"line":6,"column":29},"end":{"line":6,"column":31}}],"line":6},"1":{"loc":{"start":{"line":6,"column":33},"end":{"line":6,"column":48}},"type":"default-arg","locations":[{"start":{"line":6,"column":46},"end":{"line":6,"column":48}}],"line":6}},"s":{"0":1,"1":5,"2":5,"3":5,"4":5,"5":5},"f":{"0":5},"b":{"0":[0],"1":[1]},"_coverageSchema":"1a1c01bbd47fc00a2c39e90264f33305004495a9","hash":"5fab40047b924e3e632c4ff3d3c80541de668040"}
,"/home/fmc19/Desktop/HEX/Hexlet Projects/frontend-project-lvl2/src/services/parseToObject.js": {"path":"/home/fmc19/Desktop/HEX/Hexlet Projects/frontend-project-lvl2/src/services/parseToObject.js","statementMap":{"0":{"start":{"line":3,"column":22},"end":{"line":13,"column":1}},"1":{"start":{"line":4,"column":2},"end":{"line":12,"column":3}},"2":{"start":{"line":6,"column":6},"end":{"line":6,"column":30}},"3":{"start":{"line":9,"column":6},"end":{"line":9,"column":29}},"4":{"start":{"line":11,"column":6},"end":{"line":11,"column":16}}},"fnMap":{"0":{"name":"(anonymous_0)","decl":{"start":{"line":3,"column":22},"end":{"line":3,"column":23}},"loc":{"start":{"line":3,"column":42},"end":{"line":13,"column":1}},"line":3}},"branchMap":{"0":{"loc":{"start":{"line":4,"column":2},"end":{"line":12,"column":3}},"type":"switch","locations":[{"start":{"line":5,"column":4},"end":{"line":6,"column":30}},{"start":{"line":7,"column":4},"end":{"line":7,"column":17}},{"start":{"line":8,"column":4},"end":{"line":9,"column":29}},{"start":{"line":10,"column":4},"end":{"line":11,"column":16}}],"line":4}},"s":{"0":1,"1":10,"2":6,"3":3,"4":1},"f":{"0":10},"b":{"0":[6,1,3,1]},"_coverageSchema":"1a1c01bbd47fc00a2c39e90264f33305004495a9","hash":"b8f9635696a1f3cdf5c27cb8e156124076b3f46b"}
,"/home/fmc19/Desktop/HEX/Hexlet Projects/frontend-project-lvl2/src/services/separateByMatchs.js": {"path":"/home/fmc19/Desktop/HEX/Hexlet Projects/frontend-project-lvl2/src/services/separateByMatchs.js","statementMap":{"0":{"start":{"line":3,"column":13},"end":{"line":7,"column":2}},"1":{"start":{"line":3,"column":52},"end":{"line":7,"column":1}},"2":{"start":{"line":9,"column":25},"end":{"line":41,"column":1}},"3":{"start":{"line":10,"column":19},"end":{"line":10,"column":65}},"4":{"start":{"line":11,"column":20},"end":{"line":11,"column":66}},"5":{"start":{"line":12,"column":18},"end":{"line":12,"column":62}},"6":{"start":{"line":13,"column":20},"end":{"line":13,"column":22}},"7":{"start":{"line":15,"column":2},"end":{"line":36,"column":5}},"8":{"start":{"line":16,"column":4},"end":{"line":18,"column":5}},"9":{"start":{"line":17,"column":6},"end":{"line":17,"column":88}},"10":{"start":{"line":20,"column":4},"end":{"line":23,"column":5}},"11":{"start":{"line":21,"column":6},"end":{"line":21,"column":71}},"12":{"start":{"line":22,"column":6},"end":{"line":22,"column":13}},"13":{"start":{"line":25,"column":4},"end":{"line":28,"column":5}},"14":{"start":{"line":26,"column":6},"end":{"line":26,"column":69}},"15":{"start":{"line":27,"column":6},"end":{"line":27,"column":13}},"16":{"start":{"line":30,"column":4},"end":{"line":33,"column":5}},"17":{"start":{"line":31,"column":6},"end":{"line":31,"column":69}},"18":{"start":{"line":32,"column":6},"end":{"line":32,"column":13}},"19":{"start":{"line":34,"column":4},"end":{"line":34,"column":67}},"20":{"start":{"line":35,"column":4},"end":{"line":35,"column":69}},"21":{"start":{"line":40,"column":2},"end":{"line":40,"column":63}},"22":{"start":{"line":40,"column":43},"end":{"line":40,"column":53}}},"fnMap":{"0":{"name":"(anonymous_0)","decl":{"start":{"line":3,"column":13},"end":{"line":3,"column":14}},"loc":{"start":{"line":3,"column":52},"end":{"line":7,"column":1}},"line":3},"1":{"name":"(anonymous_1)","decl":{"start":{"line":9,"column":25},"end":{"line":9,"column":26}},"loc":{"start":{"line":9,"column":55},"end":{"line":41,"column":1}},"line":9},"2":{"name":"(anonymous_2)","decl":{"start":{"line":15,"column":18},"end":{"line":15,"column":19}},"loc":{"start":{"line":15,"column":27},"end":{"line":36,"column":3}},"line":15},"3":{"name":"(anonymous_3)","decl":{"start":{"line":40,"column":35},"end":{"line":40,"column":36}},"loc":{"start":{"line":40,"column":43},"end":{"line":40,"column":53}},"line":40}},"branchMap":{"0":{"loc":{"start":{"line":10,"column":19},"end":{"line":10,"column":65}},"type":"cond-expr","locations":[{"start":{"line":10,"column":43},"end":{"line":10,"column":60}},{"start":{"line":10,"column":63},"end":{"line":10,"column":65}}],"line":10},"1":{"loc":{"start":{"line":11,"column":20},"end":{"line":11,"column":66}},"type":"cond-expr","locations":[{"start":{"line":11,"column":44},"end":{"line":11,"column":61}},{"start":{"line":11,"column":64},"end":{"line":11,"column":66}}],"line":11},"2":{"loc":{"start":{"line":16,"column":4},"end":{"line":18,"column":5}},"type":"if","locations":[{"start":{"line":16,"column":4},"end":{"line":18,"column":5}},{"start":{"line":16,"column":4},"end":{"line":18,"column":5}}],"line":16},"3":{"loc":{"start":{"line":16,"column":8},"end":{"line":16,"column":73}},"type":"binary-expr","locations":[{"start":{"line":16,"column":8},"end":{"line":16,"column":38}},{"start":{"line":16,"column":42},"end":{"line":16,"column":73}}],"line":16},"4":{"loc":{"start":{"line":20,"column":4},"end":{"line":23,"column":5}},"type":"if","locations":[{"start":{"line":20,"column":4},"end":{"line":23,"column":5}},{"start":{"line":20,"column":4},"end":{"line":23,"column":5}}],"line":20},"5":{"loc":{"start":{"line":20,"column":8},"end":{"line":20,"column":54}},"type":"binary-expr","locations":[{"start":{"line":20,"column":8},"end":{"line":20,"column":29}},{"start":{"line":20,"column":33},"end":{"line":20,"column":54}}],"line":20},"6":{"loc":{"start":{"line":25,"column":4},"end":{"line":28,"column":5}},"type":"if","locations":[{"start":{"line":25,"column":4},"end":{"line":28,"column":5}},{"start":{"line":25,"column":4},"end":{"line":28,"column":5}}],"line":25},"7":{"loc":{"start":{"line":25,"column":8},"end":{"line":25,"column":54}},"type":"binary-expr","locations":[{"start":{"line":25,"column":8},"end":{"line":25,"column":28}},{"start":{"line":25,"column":32},"end":{"line":25,"column":54}}],"line":25},"8":{"loc":{"start":{"line":30,"column":4},"end":{"line":33,"column":5}},"type":"if","locations":[{"start":{"line":30,"column":4},"end":{"line":33,"column":5}},{"start":{"line":30,"column":4},"end":{"line":33,"column":5}}],"line":30}},"s":{"0":1,"1":26,"2":1,"3":5,"4":5,"5":5,"6":5,"7":5,"8":22,"9":0,"10":22,"11":4,"12":4,"13":18,"14":10,"15":10,"16":8,"17":4,"18":4,"19":4,"20":4,"21":5,"22":26},"f":{"0":26,"1":5,"2":22,"3":26},"b":{"0":[5,0],"1":[5,0],"2":[0,22],"3":[22,22],"4":[4,18],"5":[22,4],"6":[10,8],"7":[18,18],"8":[4,4]},"_coverageSchema":"1a1c01bbd47fc00a2c39e90264f33305004495a9","hash":"3e6099de5584dcf54aaeed7c6f838073645c7b54"}
,"/home/fmc19/Desktop/HEX/Hexlet Projects/frontend-project-lvl2/src/services/stringifyResult.js": {"path":"/home/fmc19/Desktop/HEX/Hexlet Projects/frontend-project-lvl2/src/services/stringifyResult.js","statementMap":{"0":{"start":{"line":3,"column":18},"end":{"line":7,"column":1}},"1":{"start":{"line":4,"column":16},"end":{"line":4,"column":18}},"2":{"start":{"line":5,"column":2},"end":{"line":5,"column":29}},"3":{"start":{"line":6,"column":2},"end":{"line":6,"column":51}},"4":{"start":{"line":9,"column":24},"end":{"line":32,"column":1}},"5":{"start":{"line":10,"column":25},"end":{"line":19,"column":3}},"6":{"start":{"line":11,"column":26},"end":{"line":15,"column":5}},"7":{"start":{"line":16,"column":64},"end":{"line":16,"column":68}},"8":{"start":{"line":17,"column":19},"end":{"line":17,"column":84}},"9":{"start":{"line":18,"column":4},"end":{"line":18,"column":18}},"10":{"start":{"line":21,"column":15},"end":{"line":21,"column":17}},"11":{"start":{"line":23,"column":2},"end":{"line":29,"column":5}},"12":{"start":{"line":24,"column":4},"end":{"line":26,"column":5}},"13":{"start":{"line":25,"column":6},"end":{"line":25,"column":43}},"14":{"start":{"line":28,"column":4},"end":{"line":28,"column":35}},"15":{"start":{"line":31,"column":2},"end":{"line":31,"column":25}}},"fnMap":{"0":{"name":"(anonymous_0)","decl":{"start":{"line":3,"column":18},"end":{"line":3,"column":19}},"loc":{"start":{"line":3,"column":35},"end":{"line":7,"column":1}},"line":3},"1":{"name":"(anonymous_1)","decl":{"start":{"line":9,"column":24},"end":{"line":9,"column":25}},"loc":{"start":{"line":9,"column":43},"end":{"line":32,"column":1}},"line":9},"2":{"name":"(anonymous_2)","decl":{"start":{"line":10,"column":25},"end":{"line":10,"column":26}},"loc":{"start":{"line":10,"column":35},"end":{"line":19,"column":3}},"line":10},"3":{"name":"(anonymous_3)","decl":{"start":{"line":23,"column":24},"end":{"line":23,"column":25}},"loc":{"start":{"line":23,"column":34},"end":{"line":29,"column":3}},"line":23}},"branchMap":{"0":{"loc":{"start":{"line":24,"column":4},"end":{"line":26,"column":5}},"type":"if","locations":[{"start":{"line":24,"column":4},"end":{"line":26,"column":5}},{"start":{"line":24,"column":4},"end":{"line":26,"column":5}}],"line":24}},"s":{"0":1,"1":26,"2":26,"3":26,"4":1,"5":5,"6":26,"7":26,"8":26,"9":26,"10":5,"11":5,"12":26,"13":0,"14":26,"15":5},"f":{"0":26,"1":5,"2":26,"3":26},"b":{"0":[0,26]},"_coverageSchema":"1a1c01bbd47fc00a2c39e90264f33305004495a9","hash":"6399e11229df17bd3443595412483f48553eb689"}
}
