{"/home/fmc19/Desktop/HEX/Hexlet Projects/frontend-project-lvl2/index.js": {"path":"/home/fmc19/Desktop/HEX/Hexlet Projects/frontend-project-lvl2/index.js","statementMap":{"0":{"start":{"line":7,"column":20},"end":{"line":17,"column":1}},"1":{"start":{"line":8,"column":20},"end":{"line":8,"column":42}},"2":{"start":{"line":10,"column":2},"end":{"line":16,"column":4}},"3":{"start":{"line":12,"column":6},"end":{"line":12,"column":26}},"4":{"start":{"line":12,"column":15},"end":{"line":12,"column":26}},"5":{"start":{"line":13,"column":6},"end":{"line":13,"column":18}},"6":{"start":{"line":19,"column":16},"end":{"line":26,"column":1}},"7":{"start":{"line":20,"column":2},"end":{"line":25,"column":3}},"8":{"start":{"line":22,"column":6},"end":{"line":22,"column":27}},"9":{"start":{"line":24,"column":6},"end":{"line":24,"column":30}},"10":{"start":{"line":28,"column":16},"end":{"line":34,"column":1}},"11":{"start":{"line":29,"column":19},"end":{"line":29,"column":52}},"12":{"start":{"line":30,"column":20},"end":{"line":30,"column":53}},"13":{"start":{"line":31,"column":24},"end":{"line":31,"column":62}},"14":{"start":{"line":33,"column":2},"end":{"line":33,"column":40}}},"fnMap":{"0":{"name":"(anonymous_0)","decl":{"start":{"line":7,"column":20},"end":{"line":7,"column":21}},"loc":{"start":{"line":7,"column":34},"end":{"line":17,"column":1}},"line":7},"1":{"name":"(anonymous_1)","decl":{"start":{"line":11,"column":46},"end":{"line":11,"column":47}},"loc":{"start":{"line":11,"column":61},"end":{"line":14,"column":5}},"line":11},"2":{"name":"(anonymous_2)","decl":{"start":{"line":19,"column":16},"end":{"line":19,"column":17}},"loc":{"start":{"line":19,"column":34},"end":{"line":26,"column":1}},"line":19},"3":{"name":"(anonymous_3)","decl":{"start":{"line":28,"column":16},"end":{"line":28,"column":17}},"loc":{"start":{"line":28,"column":54},"end":{"line":34,"column":1}},"line":28}},"branchMap":{"0":{"loc":{"start":{"line":12,"column":6},"end":{"line":12,"column":26}},"type":"if","locations":[{"start":{"line":12,"column":6},"end":{"line":12,"column":26}},{"start":{"line":12,"column":6},"end":{"line":12,"column":26}}],"line":12},"1":{"loc":{"start":{"line":20,"column":2},"end":{"line":25,"column":3}},"type":"switch","locations":[{"start":{"line":21,"column":4},"end":{"line":22,"column":27}},{"start":{"line":23,"column":4},"end":{"line":24,"column":30}}],"line":20},"2":{"loc":{"start":{"line":28,"column":31},"end":{"line":28,"column":49}},"type":"default-arg","locations":[{"start":{"line":28,"column":40},"end":{"line":28,"column":49}}],"line":28}},"s":{"0":1,"1":12,"2":12,"3":0,"4":0,"5":0,"6":1,"7":6,"8":6,"9":0,"10":1,"11":6,"12":6,"13":6,"14":6},"f":{"0":12,"1":0,"2":6,"3":6},"b":{"0":[0,0],"1":[6,0],"2":[6]},"_coverageSchema":"1a1c01bbd47fc00a2c39e90264f33305004495a9","hash":"aed2931170850e16139033458708e23fae734aed"}
,"/home/fmc19/Desktop/HEX/Hexlet Projects/frontend-project-lvl2/__fixtures__/toEqual/parsed.js": {"path":"/home/fmc19/Desktop/HEX/Hexlet Projects/frontend-project-lvl2/__fixtures__/toEqual/parsed.js","statementMap":{"0":{"start":{"line":1,"column":16},"end":{"line":26,"column":1}}},"fnMap":{},"branchMap":{},"s":{"0":1},"f":{},"b":{},"_coverageSchema":"1a1c01bbd47fc00a2c39e90264f33305004495a9","hash":"84858f2dcd0924e8fac5c655ac2b0bec5497d02d"}
,"/home/fmc19/Desktop/HEX/Hexlet Projects/frontend-project-lvl2/src/formatters/stylish.js": {"path":"/home/fmc19/Desktop/HEX/Hexlet Projects/frontend-project-lvl2/src/formatters/stylish.js","statementMap":{"0":{"start":{"line":4,"column":18},"end":{"line":4,"column":66}},"1":{"start":{"line":4,"column":35},"end":{"line":4,"column":66}},"2":{"start":{"line":6,"column":20},"end":{"line":16,"column":1}},"3":{"start":{"line":7,"column":18},"end":{"line":14,"column":3}},"4":{"start":{"line":15,"column":2},"end":{"line":15,"column":25}},"5":{"start":{"line":18,"column":20},"end":{"line":43,"column":1}},"6":{"start":{"line":21,"column":6},"end":{"line":21,"column":19}},"7":{"start":{"line":23,"column":28},"end":{"line":23,"column":41}},"8":{"start":{"line":25,"column":21},"end":{"line":25,"column":23}},"9":{"start":{"line":26,"column":13},"end":{"line":26,"column":15}},"10":{"start":{"line":27,"column":2},"end":{"line":29,"column":3}},"11":{"start":{"line":28,"column":4},"end":{"line":28,"column":41}},"12":{"start":{"line":31,"column":2},"end":{"line":33,"column":3}},"13":{"start":{"line":32,"column":4},"end":{"line":32,"column":35}},"14":{"start":{"line":34,"column":2},"end":{"line":38,"column":3}},"15":{"start":{"line":35,"column":4},"end":{"line":35,"column":86}},"16":{"start":{"line":36,"column":4},"end":{"line":36,"column":82}},"17":{"start":{"line":37,"column":4},"end":{"line":37,"column":36}},"18":{"start":{"line":40,"column":2},"end":{"line":40,"column":72}},"19":{"start":{"line":42,"column":2},"end":{"line":42,"column":14}},"20":{"start":{"line":45,"column":16},"end":{"line":83,"column":1}},"21":{"start":{"line":46,"column":18},"end":{"line":46,"column":62}},"22":{"start":{"line":48,"column":19},"end":{"line":80,"column":3}},"23":{"start":{"line":49,"column":23},"end":{"line":77,"column":6}},"24":{"start":{"line":50,"column":6},"end":{"line":52,"column":7}},"25":{"start":{"line":51,"column":8},"end":{"line":51,"column":20}},"26":{"start":{"line":56,"column":10},"end":{"line":56,"column":14}},"27":{"start":{"line":57,"column":25},"end":{"line":57,"column":29}},"28":{"start":{"line":59,"column":6},"end":{"line":61,"column":7}},"29":{"start":{"line":60,"column":8},"end":{"line":60,"column":33}},"30":{"start":{"line":63,"column":19},"end":{"line":63,"column":37}},"31":{"start":{"line":65,"column":6},"end":{"line":73,"column":7}},"32":{"start":{"line":66,"column":8},"end":{"line":70,"column":11}},"33":{"start":{"line":67,"column":24},"end":{"line":67,"column":45}},"34":{"start":{"line":68,"column":10},"end":{"line":68,"column":31}},"35":{"start":{"line":69,"column":10},"end":{"line":69,"column":23}},"36":{"start":{"line":72,"column":8},"end":{"line":72,"column":37}},"37":{"start":{"line":75,"column":19},"end":{"line":75,"column":106}},"38":{"start":{"line":76,"column":6},"end":{"line":76,"column":18}},"39":{"start":{"line":79,"column":4},"end":{"line":79,"column":31}},"40":{"start":{"line":82,"column":2},"end":{"line":82,"column":27}}},"fnMap":{"0":{"name":"(anonymous_0)","decl":{"start":{"line":4,"column":18},"end":{"line":4,"column":19}},"loc":{"start":{"line":4,"column":35},"end":{"line":4,"column":66}},"line":4},"1":{"name":"(anonymous_1)","decl":{"start":{"line":6,"column":20},"end":{"line":6,"column":21}},"loc":{"start":{"line":6,"column":32},"end":{"line":16,"column":1}},"line":6},"2":{"name":"(anonymous_2)","decl":{"start":{"line":18,"column":20},"end":{"line":18,"column":21}},"loc":{"start":{"line":18,"column":39},"end":{"line":43,"column":1}},"line":18},"3":{"name":"(anonymous_3)","decl":{"start":{"line":45,"column":16},"end":{"line":45,"column":17}},"loc":{"start":{"line":45,"column":36},"end":{"line":83,"column":1}},"line":45},"4":{"name":"(anonymous_4)","decl":{"start":{"line":48,"column":19},"end":{"line":48,"column":20}},"loc":{"start":{"line":48,"column":31},"end":{"line":80,"column":3}},"line":48},"5":{"name":"(anonymous_5)","decl":{"start":{"line":49,"column":34},"end":{"line":49,"column":35}},"loc":{"start":{"line":49,"column":44},"end":{"line":77,"column":5}},"line":49},"6":{"name":"(anonymous_6)","decl":{"start":{"line":66,"column":32},"end":{"line":66,"column":33}},"loc":{"start":{"line":66,"column":46},"end":{"line":70,"column":9}},"line":66}},"branchMap":{"0":{"loc":{"start":{"line":27,"column":2},"end":{"line":29,"column":3}},"type":"if","locations":[{"start":{"line":27,"column":2},"end":{"line":29,"column":3}},{"start":{"line":27,"column":2},"end":{"line":29,"column":3}}],"line":27},"1":{"loc":{"start":{"line":31,"column":2},"end":{"line":33,"column":3}},"type":"if","locations":[{"start":{"line":31,"column":2},"end":{"line":33,"column":3}},{"start":{"line":31,"column":2},"end":{"line":33,"column":3}}],"line":31},"2":{"loc":{"start":{"line":34,"column":2},"end":{"line":38,"column":3}},"type":"if","locations":[{"start":{"line":34,"column":2},"end":{"line":38,"column":3}},{"start":{"line":34,"column":2},"end":{"line":38,"column":3}}],"line":34},"3":{"loc":{"start":{"line":50,"column":6},"end":{"line":52,"column":7}},"type":"if","locations":[{"start":{"line":50,"column":6},"end":{"line":52,"column":7}},{"start":{"line":50,"column":6},"end":{"line":52,"column":7}}],"line":50},"4":{"loc":{"start":{"line":50,"column":10},"end":{"line":50,"column":40}},"type":"binary-expr","locations":[{"start":{"line":50,"column":10},"end":{"line":50,"column":24}},{"start":{"line":50,"column":28},"end":{"line":50,"column":40}}],"line":50},"5":{"loc":{"start":{"line":59,"column":6},"end":{"line":61,"column":7}},"type":"if","locations":[{"start":{"line":59,"column":6},"end":{"line":61,"column":7}},{"start":{"line":59,"column":6},"end":{"line":61,"column":7}}],"line":59},"6":{"loc":{"start":{"line":65,"column":6},"end":{"line":73,"column":7}},"type":"if","locations":[{"start":{"line":65,"column":6},"end":{"line":73,"column":7}},{"start":{"line":65,"column":6},"end":{"line":73,"column":7}}],"line":65},"7":{"loc":{"start":{"line":65,"column":10},"end":{"line":65,"column":72}},"type":"binary-expr","locations":[{"start":{"line":65,"column":10},"end":{"line":65,"column":28}},{"start":{"line":65,"column":32},"end":{"line":65,"column":52}},{"start":{"line":65,"column":56},"end":{"line":65,"column":72}}],"line":65}},"s":{"0":1,"1":133,"2":1,"3":118,"4":118,"5":1,"6":63,"7":63,"8":63,"9":63,"10":63,"11":54,"12":63,"13":2,"14":63,"15":10,"16":10,"17":10,"18":53,"19":53,"20":1,"21":6,"22":6,"23":36,"24":105,"25":12,"26":93,"27":93,"28":93,"29":63,"30":30,"31":30,"32":15,"33":19,"34":19,"35":19,"36":15,"37":30,"38":30,"39":36,"40":6},"f":{"0":133,"1":118,"2":63,"3":6,"4":36,"5":105,"6":19},"b":{"0":[54,9],"1":[2,61],"2":[10,53],"3":[12,93],"4":[105,99],"5":[63,30],"6":[15,15],"7":[30,25,21]},"_coverageSchema":"1a1c01bbd47fc00a2c39e90264f33305004495a9","hash":"b218d36e10dbe20eaad5f98145711df4af87a385"}
,"/home/fmc19/Desktop/HEX/Hexlet Projects/frontend-project-lvl2/src/services/customStringify.js": {"path":"/home/fmc19/Desktop/HEX/Hexlet Projects/frontend-project-lvl2/src/services/customStringify.js","statementMap":{"0":{"start":{"line":1,"column":24},"end":{"line":18,"column":1}},"1":{"start":{"line":2,"column":17},"end":{"line":16,"column":13}},"2":{"start":{"line":5,"column":22},"end":{"line":5,"column":52}},"3":{"start":{"line":7,"column":6},"end":{"line":9,"column":7}},"4":{"start":{"line":8,"column":8},"end":{"line":8,"column":26}},"5":{"start":{"line":10,"column":6},"end":{"line":12,"column":7}},"6":{"start":{"line":11,"column":8},"end":{"line":11,"column":18}},"7":{"start":{"line":14,"column":6},"end":{"line":14,"column":18}},"8":{"start":{"line":17,"column":2},"end":{"line":17,"column":16}}},"fnMap":{"0":{"name":"(anonymous_0)","decl":{"start":{"line":1,"column":24},"end":{"line":1,"column":25}},"loc":{"start":{"line":1,"column":34},"end":{"line":18,"column":1}},"line":1},"1":{"name":"(anonymous_1)","decl":{"start":{"line":4,"column":9},"end":{"line":4,"column":10}},"loc":{"start":{"line":4,"column":19},"end":{"line":15,"column":5}},"line":4}},"branchMap":{"0":{"loc":{"start":{"line":7,"column":6},"end":{"line":9,"column":7}},"type":"if","locations":[{"start":{"line":7,"column":6},"end":{"line":9,"column":7}},{"start":{"line":7,"column":6},"end":{"line":9,"column":7}}],"line":7},"1":{"loc":{"start":{"line":10,"column":6},"end":{"line":12,"column":7}},"type":"if","locations":[{"start":{"line":10,"column":6},"end":{"line":12,"column":7}},{"start":{"line":10,"column":6},"end":{"line":12,"column":7}}],"line":10},"2":{"loc":{"start":{"line":10,"column":10},"end":{"line":10,"column":38}},"type":"binary-expr","locations":[{"start":{"line":10,"column":10},"end":{"line":10,"column":22}},{"start":{"line":10,"column":26},"end":{"line":10,"column":38}}],"line":10}},"s":{"0":1,"1":56,"2":181,"3":181,"4":125,"5":56,"6":10,"7":46,"8":56},"f":{"0":56,"1":181},"b":{"0":[125,56],"1":[10,46],"2":[56,46]},"_coverageSchema":"1a1c01bbd47fc00a2c39e90264f33305004495a9","hash":"448ccc97489cb1e1bd81a1e4f48252bc54875db5"}
,"/home/fmc19/Desktop/HEX/Hexlet Projects/frontend-project-lvl2/src/services/getDiffsWithMeta.js": {"path":"/home/fmc19/Desktop/HEX/Hexlet Projects/frontend-project-lvl2/src/services/getDiffsWithMeta.js","statementMap":{"0":{"start":{"line":3,"column":23},"end":{"line":7,"column":1}},"1":{"start":{"line":4,"column":2},"end":{"line":4,"column":73}},"2":{"start":{"line":4,"column":29},"end":{"line":4,"column":73}},"3":{"start":{"line":5,"column":2},"end":{"line":5,"column":67}},"4":{"start":{"line":5,"column":23},"end":{"line":5,"column":67}},"5":{"start":{"line":6,"column":2},"end":{"line":6,"column":46}},"6":{"start":{"line":9,"column":16},"end":{"line":21,"column":1}},"7":{"start":{"line":9,"column":106},"end":{"line":19,"column":1}},"8":{"start":{"line":23,"column":26},"end":{"line":59,"column":1}},"9":{"start":{"line":24,"column":19},"end":{"line":24,"column":65}},"10":{"start":{"line":25,"column":20},"end":{"line":25,"column":66}},"11":{"start":{"line":26,"column":18},"end":{"line":26,"column":72}},"12":{"start":{"line":28,"column":25},"end":{"line":55,"column":4}},"13":{"start":{"line":29,"column":21},"end":{"line":29,"column":93}},"14":{"start":{"line":30,"column":22},"end":{"line":30,"column":60}},"15":{"start":{"line":31,"column":22},"end":{"line":31,"column":61}},"16":{"start":{"line":32,"column":18},"end":{"line":32,"column":64}},"17":{"start":{"line":33,"column":18},"end":{"line":33,"column":65}},"18":{"start":{"line":41,"column":4},"end":{"line":43,"column":5}},"19":{"start":{"line":42,"column":6},"end":{"line":42,"column":75}},"20":{"start":{"line":44,"column":4},"end":{"line":46,"column":5}},"21":{"start":{"line":45,"column":6},"end":{"line":45,"column":76}},"22":{"start":{"line":47,"column":4},"end":{"line":49,"column":5}},"23":{"start":{"line":48,"column":6},"end":{"line":48,"column":76}},"24":{"start":{"line":50,"column":4},"end":{"line":53,"column":5}},"25":{"start":{"line":51,"column":6},"end":{"line":52,"column":78}},"26":{"start":{"line":54,"column":4},"end":{"line":54,"column":103}},"27":{"start":{"line":57,"column":17},"end":{"line":57,"column":58}},"28":{"start":{"line":58,"column":2},"end":{"line":58,"column":16}}},"fnMap":{"0":{"name":"(anonymous_0)","decl":{"start":{"line":3,"column":23},"end":{"line":3,"column":24}},"loc":{"start":{"line":3,"column":33},"end":{"line":7,"column":1}},"line":3},"1":{"name":"(anonymous_1)","decl":{"start":{"line":9,"column":16},"end":{"line":9,"column":17}},"loc":{"start":{"line":9,"column":106},"end":{"line":19,"column":1}},"line":9},"2":{"name":"(anonymous_2)","decl":{"start":{"line":23,"column":26},"end":{"line":23,"column":27}},"loc":{"start":{"line":23,"column":60},"end":{"line":59,"column":1}},"line":23},"3":{"name":"(anonymous_3)","decl":{"start":{"line":28,"column":37},"end":{"line":28,"column":38}},"loc":{"start":{"line":28,"column":46},"end":{"line":55,"column":3}},"line":28}},"branchMap":{"0":{"loc":{"start":{"line":4,"column":2},"end":{"line":4,"column":73}},"type":"if","locations":[{"start":{"line":4,"column":2},"end":{"line":4,"column":73}},{"start":{"line":4,"column":2},"end":{"line":4,"column":73}}],"line":4},"1":{"loc":{"start":{"line":5,"column":2},"end":{"line":5,"column":67}},"type":"if","locations":[{"start":{"line":5,"column":2},"end":{"line":5,"column":67}},{"start":{"line":5,"column":2},"end":{"line":5,"column":67}}],"line":5},"2":{"loc":{"start":{"line":9,"column":51},"end":{"line":9,"column":64}},"type":"default-arg","locations":[{"start":{"line":9,"column":62},"end":{"line":9,"column":64}}],"line":9},"3":{"loc":{"start":{"line":9,"column":66},"end":{"line":9,"column":79}},"type":"default-arg","locations":[{"start":{"line":9,"column":77},"end":{"line":9,"column":79}}],"line":9},"4":{"loc":{"start":{"line":9,"column":81},"end":{"line":9,"column":100}},"type":"default-arg","locations":[{"start":{"line":9,"column":98},"end":{"line":9,"column":100}}],"line":9},"5":{"loc":{"start":{"line":23,"column":39},"end":{"line":23,"column":55}},"type":"default-arg","locations":[{"start":{"line":23,"column":54},"end":{"line":23,"column":55}}],"line":23},"6":{"loc":{"start":{"line":24,"column":19},"end":{"line":24,"column":65}},"type":"cond-expr","locations":[{"start":{"line":24,"column":43},"end":{"line":24,"column":60}},{"start":{"line":24,"column":63},"end":{"line":24,"column":65}}],"line":24},"7":{"loc":{"start":{"line":25,"column":20},"end":{"line":25,"column":66}},"type":"cond-expr","locations":[{"start":{"line":25,"column":44},"end":{"line":25,"column":61}},{"start":{"line":25,"column":64},"end":{"line":25,"column":66}}],"line":25},"8":{"loc":{"start":{"line":29,"column":21},"end":{"line":29,"column":93}},"type":"binary-expr","locations":[{"start":{"line":29,"column":21},"end":{"line":29,"column":87}},{"start":{"line":29,"column":91},"end":{"line":29,"column":93}}],"line":29},"9":{"loc":{"start":{"line":41,"column":4},"end":{"line":43,"column":5}},"type":"if","locations":[{"start":{"line":41,"column":4},"end":{"line":43,"column":5}},{"start":{"line":41,"column":4},"end":{"line":43,"column":5}}],"line":41},"10":{"loc":{"start":{"line":44,"column":4},"end":{"line":46,"column":5}},"type":"if","locations":[{"start":{"line":44,"column":4},"end":{"line":46,"column":5}},{"start":{"line":44,"column":4},"end":{"line":46,"column":5}}],"line":44},"11":{"loc":{"start":{"line":47,"column":4},"end":{"line":49,"column":5}},"type":"if","locations":[{"start":{"line":47,"column":4},"end":{"line":49,"column":5}},{"start":{"line":47,"column":4},"end":{"line":49,"column":5}}],"line":47},"12":{"loc":{"start":{"line":50,"column":4},"end":{"line":53,"column":5}},"type":"if","locations":[{"start":{"line":50,"column":4},"end":{"line":53,"column":5}},{"start":{"line":50,"column":4},"end":{"line":53,"column":5}}],"line":50},"13":{"loc":{"start":{"line":50,"column":8},"end":{"line":50,"column":73}},"type":"binary-expr","locations":[{"start":{"line":50,"column":8},"end":{"line":50,"column":31}},{"start":{"line":50,"column":35},"end":{"line":50,"column":52}},{"start":{"line":50,"column":56},"end":{"line":50,"column":73}}],"line":50}},"s":{"0":1,"1":546,"2":150,"3":396,"4":10,"5":386,"6":1,"7":93,"8":1,"9":96,"10":96,"11":96,"12":96,"13":90,"14":90,"15":90,"16":90,"17":90,"18":90,"19":24,"20":66,"21":18,"22":48,"23":24,"24":24,"25":3,"26":21,"27":96,"28":96},"f":{"0":546,"1":93,"2":96,"3":90},"b":{"0":[150,396],"1":[10,386],"2":[0],"3":[72],"4":[72],"5":[6],"6":[27,69],"7":[30,66],"8":[90,0],"9":[24,66],"10":[18,48],"11":[24,24],"12":[3,21],"13":[24,21,21]},"_coverageSchema":"1a1c01bbd47fc00a2c39e90264f33305004495a9","hash":"4fc2da0c49830b449ac94c3e44ea02a3b1a2fd67"}
,"/home/fmc19/Desktop/HEX/Hexlet Projects/frontend-project-lvl2/src/services/parseToObject.js": {"path":"/home/fmc19/Desktop/HEX/Hexlet Projects/frontend-project-lvl2/src/services/parseToObject.js","statementMap":{"0":{"start":{"line":3,"column":22},"end":{"line":13,"column":1}},"1":{"start":{"line":4,"column":2},"end":{"line":12,"column":3}},"2":{"start":{"line":6,"column":6},"end":{"line":6,"column":30}},"3":{"start":{"line":9,"column":6},"end":{"line":9,"column":29}},"4":{"start":{"line":11,"column":6},"end":{"line":11,"column":16}}},"fnMap":{"0":{"name":"(anonymous_0)","decl":{"start":{"line":3,"column":22},"end":{"line":3,"column":23}},"loc":{"start":{"line":3,"column":42},"end":{"line":13,"column":1}},"line":3}},"branchMap":{"0":{"loc":{"start":{"line":4,"column":2},"end":{"line":12,"column":3}},"type":"switch","locations":[{"start":{"line":5,"column":4},"end":{"line":6,"column":30}},{"start":{"line":7,"column":4},"end":{"line":7,"column":17}},{"start":{"line":8,"column":4},"end":{"line":9,"column":29}},{"start":{"line":10,"column":4},"end":{"line":11,"column":16}}],"line":4}},"s":{"0":1,"1":13,"2":7,"3":6,"4":0},"f":{"0":13},"b":{"0":[7,1,6,0]},"_coverageSchema":"1a1c01bbd47fc00a2c39e90264f33305004495a9","hash":"b8f9635696a1f3cdf5c27cb8e156124076b3f46b"}
}
