TN:
SF:index.js
FN:7,(anonymous_0)
FN:11,(anonymous_1)
FN:19,(anonymous_2)
FNF:3
FNH:2
FNDA:6,(anonymous_0)
FNDA:0,(anonymous_1)
FNDA:3,(anonymous_2)
DA:7,1
DA:8,6
DA:10,6
DA:12,0
DA:13,0
DA:19,1
DA:20,3
DA:21,3
DA:22,3
DA:23,3
LF:10
LH:8
BRDA:12,0,0,0
BRDA:12,0,1,0
BRDA:19,1,0,1
BRF:3
BRH:1
end_of_record
TN:
SF:src/formatters/index.js
FN:5,(anonymous_0)
FNF:1
FNH:1
FNDA:3,(anonymous_0)
DA:5,1
DA:6,3
DA:8,1
DA:10,1
DA:12,1
DA:14,0
LF:6
LH:5
BRDA:6,0,0,1
BRDA:6,0,1,1
BRDA:6,0,2,1
BRDA:6,0,3,0
BRF:4
BRH:3
end_of_record
TN:
SF:src/formatters/json.js
FN:1,(anonymous_0)
FNF:1
FNH:1
FNDA:1,(anonymous_0)
DA:1,1
LF:1
LH:1
BRF:0
BRH:0
end_of_record
TN:
SF:src/formatters/plain.js
FN:5,(anonymous_0)
FN:11,(anonymous_1)
FN:13,(anonymous_2)
FN:22,(anonymous_3)
FN:23,(anonymous_4)
FN:39,(anonymous_5)
FN:40,(anonymous_6)
FN:41,(anonymous_7)
FN:41,(anonymous_8)
FNF:9
FNH:9
FNDA:13,(anonymous_0)
FNDA:4,(anonymous_1)
FNDA:4,(anonymous_2)
FNDA:11,(anonymous_3)
FNDA:23,(anonymous_4)
FNDA:1,(anonymous_5)
FNDA:5,(anonymous_6)
FNDA:18,(anonymous_7)
FNDA:15,(anonymous_8)
DA:5,1
DA:6,13
DA:7,10
DA:8,3
DA:11,4
DA:13,1
DA:14,4
DA:15,4
DA:17,4
DA:18,4
DA:19,4
DA:22,1
DA:23,23
DA:27,11
DA:29,11
DA:30,4
DA:32,7
DA:33,2
DA:36,5
DA:39,1
DA:40,1
DA:41,18
DA:44,15
DA:46,15
DA:47,15
DA:48,11
DA:51,4
DA:54,5
DA:57,1
LF:29
LH:29
BRDA:6,0,0,3
BRDA:6,0,1,10
BRDA:6,1,0,13
BRDA:6,1,1,10
BRDA:7,2,0,7
BRDA:7,2,1,3
BRDA:29,3,0,4
BRDA:29,3,1,7
BRDA:32,4,0,2
BRDA:32,4,1,5
BRDA:40,5,0,1
BRDA:47,6,0,11
BRDA:47,6,1,4
BRF:13
BRH:13
end_of_record
TN:
SF:src/formatters/stylish.js
FN:5,(anonymous_0)
FN:6,(anonymous_1)
FN:13,(anonymous_2)
FN:22,(anonymous_3)
FN:38,(anonymous_4)
FN:39,(anonymous_5)
FN:40,(anonymous_6)
FNF:7
FNH:7
FNDA:42,(anonymous_0)
FNDA:27,(anonymous_1)
FNDA:9,(anonymous_2)
FNDA:14,(anonymous_3)
FNDA:1,(anonymous_4)
FNDA:5,(anonymous_5)
FNDA:18,(anonymous_6)
DA:5,42
DA:6,1
DA:7,27
DA:8,0
DA:10,27
DA:12,7
DA:13,7
DA:14,9
DA:15,9
DA:17,9
DA:19,7
DA:22,1
DA:25,14
DA:27,14
DA:28,4
DA:29,4
DA:31,4
DA:32,4
DA:35,10
DA:38,1
DA:39,1
DA:40,5
DA:43,18
DA:45,18
DA:46,14
DA:49,4
DA:52,5
DA:54,1
DA:55,1
LF:29
LH:28
BRDA:7,0,0,0
BRDA:7,0,1,27
BRDA:10,1,0,20
BRDA:10,1,1,7
BRDA:27,2,0,4
BRDA:27,2,1,10
BRDA:39,3,0,1
BRDA:45,4,0,14
BRDA:45,4,1,4
BRF:9
BRH:8
end_of_record
TN:
SF:src/services/getDiffs.js
FN:3,(anonymous_0)
FN:7,(anonymous_1)
FNF:2
FNH:2
FNDA:15,(anonymous_0)
FNDA:54,(anonymous_1)
DA:3,1
DA:4,15
DA:5,15
DA:6,15
DA:7,15
DA:8,54
DA:9,15
DA:15,39
DA:16,6
DA:23,33
DA:24,12
DA:31,21
DA:32,12
DA:40,9
DA:48,15
DA:50,15
LF:16
LH:16
BRDA:4,0,0,15
BRDA:4,0,1,0
BRDA:5,1,0,15
BRDA:5,1,1,0
BRDA:8,2,0,15
BRDA:8,2,1,39
BRDA:15,3,0,6
BRDA:15,3,1,33
BRDA:23,4,0,12
BRDA:23,4,1,21
BRDA:23,5,0,33
BRDA:23,5,1,15
BRDA:31,6,0,12
BRDA:31,6,1,9
BRF:14
BRH:12
end_of_record
TN:
SF:src/services/markers.js
FN:1,(anonymous_0)
FN:15,(anonymous_1)
FNF:2
FNH:2
FNDA:22,(anonymous_0)
FNDA:11,(anonymous_1)
DA:1,1
DA:2,22
DA:4,3
DA:6,9
DA:8,6
DA:10,4
DA:15,1
DA:16,11
DA:18,2
DA:20,5
DA:22,4
DA:24,0
LF:12
LH:11
BRDA:2,0,0,3
BRDA:2,0,1,9
BRDA:2,0,2,6
BRDA:2,0,3,4
BRDA:16,1,0,2
BRDA:16,1,1,5
BRDA:16,1,2,4
BRDA:16,1,3,0
BRF:8
BRH:7
end_of_record
TN:
SF:src/services/parseToObject.js
FN:3,(anonymous_0)
FNF:1
FNH:1
FNDA:6,(anonymous_0)
DA:3,1
DA:4,6
DA:6,3
DA:9,3
DA:11,0
LF:5
LH:4
BRDA:4,0,0,3
BRDA:4,0,1,2
BRDA:4,0,2,3
BRDA:4,0,3,0
BRF:4
BRH:3
end_of_record
TN:
SF:src/services/stringifyArray.js
FN:1,(anonymous_0)
FN:4,(anonymous_1)
FNF:2
FNH:0
FNDA:0,(anonymous_0)
FNDA:0,(anonymous_1)
DA:1,1
DA:2,0
DA:5,0
DA:7,0
DA:8,0
DA:10,0
DA:11,0
DA:14,0
DA:17,0
LF:9
LH:1
BRDA:7,0,0,0
BRDA:7,0,1,0
BRDA:10,1,0,0
BRDA:10,1,1,0
BRDA:10,2,0,0
BRDA:10,2,1,0
BRF:6
BRH:0
end_of_record
