TN:
SF:src/index.js
FN:6,(anonymous_0)
FNF:1
FNH:1
FNDA:5,(anonymous_0)
DA:6,1
DA:7,5
DA:8,5
DA:10,5
DA:11,5
DA:18,5
LF:6
LH:6
BRDA:6,0,0,0
BRDA:6,1,0,1
BRF:2
BRH:1
end_of_record
TN:
SF:src/services/parseToObject.js
FN:3,(anonymous_0)
FNF:1
FNH:1
FNDA:10,(anonymous_0)
DA:3,1
DA:4,10
DA:6,6
DA:9,3
DA:11,1
LF:5
LH:5
BRDA:4,0,0,6
BRDA:4,0,1,1
BRDA:4,0,2,3
BRDA:4,0,3,1
BRF:4
BRH:4
end_of_record
TN:
SF:src/services/separateByMatchs.js
FN:3,(anonymous_0)
FN:9,(anonymous_1)
FN:15,(anonymous_2)
FN:40,(anonymous_3)
FNF:4
FNH:4
FNDA:26,(anonymous_0)
FNDA:5,(anonymous_1)
FNDA:22,(anonymous_2)
FNDA:26,(anonymous_3)
DA:3,26
DA:9,1
DA:10,5
DA:11,5
DA:12,5
DA:13,5
DA:15,5
DA:16,22
DA:17,0
DA:20,22
DA:21,4
DA:22,4
DA:25,18
DA:26,10
DA:27,10
DA:30,8
DA:31,4
DA:32,4
DA:34,4
DA:35,4
DA:40,26
LF:21
LH:20
BRDA:10,0,0,5
BRDA:10,0,1,0
BRDA:11,1,0,5
BRDA:11,1,1,0
BRDA:16,2,0,0
BRDA:16,2,1,22
BRDA:16,3,0,22
BRDA:16,3,1,22
BRDA:20,4,0,4
BRDA:20,4,1,18
BRDA:20,5,0,22
BRDA:20,5,1,4
BRDA:25,6,0,10
BRDA:25,6,1,8
BRDA:25,7,0,18
BRDA:25,7,1,18
BRDA:30,8,0,4
BRDA:30,8,1,4
BRF:18
BRH:15
end_of_record
TN:
SF:src/services/stringifyResult.js
FN:3,(anonymous_0)
FN:9,(anonymous_1)
FN:10,(anonymous_2)
FN:23,(anonymous_3)
FNF:4
FNH:4
FNDA:26,(anonymous_0)
FNDA:5,(anonymous_1)
FNDA:26,(anonymous_2)
FNDA:26,(anonymous_3)
DA:3,1
DA:4,26
DA:5,26
DA:6,26
DA:9,1
DA:10,5
DA:11,26
DA:16,26
DA:17,26
DA:18,26
DA:21,5
DA:23,5
DA:24,26
DA:25,0
DA:28,26
DA:31,5
LF:16
LH:15
BRDA:24,0,0,0
BRDA:24,0,1,26
BRF:2
BRH:1
end_of_record
